Starting job 10856951 on c7-8 on saga at Fri Mar 1 01:35:15 CET 2024

Fri Mar  1 01:35:16 2024       
+---------------------------------------------------------------------------------------+
| NVIDIA-SMI 530.30.02              Driver Version: 530.30.02    CUDA Version: 12.1     |
|-----------------------------------------+----------------------+----------------------+
| GPU  Name                  Persistence-M| Bus-Id        Disp.A | Volatile Uncorr. ECC |
| Fan  Temp  Perf            Pwr:Usage/Cap|         Memory-Usage | GPU-Util  Compute M. |
|                                         |                      |               MIG M. |
|=========================================+======================+======================|
|   0  Tesla P100-PCIE-16GB            On | 00000000:B1:00.0 Off |                    0 |
| N/A   31C    P0               26W / 250W|      0MiB / 16384MiB |      0%      Default |
|                                         |                      |                  N/A |
+-----------------------------------------+----------------------+----------------------+
                                                                                         
+---------------------------------------------------------------------------------------+
| Processes:                                                                            |
|  GPU   GI   CI        PID   Type   Process name                            GPU Memory |
|        ID   ID                                                             Usage      |
|=======================================================================================|
|  No running processes found                                                           |
+---------------------------------------------------------------------------------------+
This script is running on 
-------------------------
/cluster/projects/nn10058k/miniconda3/envs/regseg/bin/python3
cityscapes_exp48_decoder26_1000_epochs
benchmarking eval time
benchmarking train time
benchmarking memory usage
eval_time: 0.03301526308059692
train_time: 0.511841778755188
memory_usage: 3416
train size: 371
val size: 500
train loader time: 0.9699003362655639
val loader time: 0.11507721424102783
valid one°°°°°°°°°°°°°°°°
cuda
°°°°°°°°°°°°°°°°°°°°
train size: 371
val size: 500
evaluating
IOU: [0.01, 0.0, 0.0, 0.0, 0.0, 0.0, 0.0, 0.0, 0.42, 0.0, 0.0, 0.0, 0.0, 0.0, 0.0, 0.0, nan, 0.0, 0.0]
mIOU: nan, mIOU_reduced: 0.03, accuracy: 0.05
°train one°°°°°°°°°°°°°°°°
cuda
°°°°°°°°°°°°°°°°°°°°
saving to: checkpoints/cityscapes_exp48_decoder26_1000_epochs_run1
Loading centroid file /cluster/projects/nn10058k/RegSeg/cityscapes_dataset_train_centroids.json
Found 19 centroids
train size: 371
val size: 500
save on epochs:  [0, 24, 49, 74, 99, 124, 149, 174, 199, 224, 249, 274, 299, 324, 349, 374, 399, 424, 449, 474, 499, 524, 549, 574, 599, 624, 649, 674, 699, 724, 749, 774, 799, 824, 849, 874, 899, 924, 949, 970, 971, 972, 973, 974, 975, 976, 977, 978, 979, 980, 981, 982, 983, 984, 985, 986, 987, 988, 989, 990, 991, 992, 993, 994, 995, 996, 997, 998, 999]
epoch: 0
build epoch
-------------------------
c7-8
-------------------------


GPU usage stats:
Job 10856951 completed at Fri Mar 1 01:40:30 CET 2024
